<?xml version="1.0" encoding="UTF-8"?>
<testsuite name="ella.conference_track_manager.TalkSessionTest" tests="2" skipped="0" failures="0" errors="0" timestamp="2017-12-28T09:02:10" hostname="MacBook-Air-3.local" time="0.049">
  <properties/>
  <testcase name="testProcessTalks" classname="ella.conference_track_manager.TalkSessionTest" time="0.036"/>
  <testcase name="testTimeConverter" classname="ella.conference_track_manager.TalkSessionTest" time="0.011"/>
  <system-out><![CDATA[]]></system-out>
  <system-err><![CDATA[]]></system-err>
</testsuite>
