<?xml version="1.0" encoding="UTF-8"?>
<testsuite name="ella.conference_track_manager.TrackTest" tests="1" skipped="0" failures="0" errors="0" timestamp="2017-12-28T09:02:10" hostname="MacBook-Air-3.local" time="0.11">
  <properties/>
  <testcase name="testOutput" classname="ella.conference_track_manager.TrackTest" time="0.11"/>
  <system-out><![CDATA[]]></system-out>
  <system-err><![CDATA[]]></system-err>
</testsuite>
